# JRE version: OpenJDK Runtime Environment (19.0.1+10) (build 19.0.1+10-21)
# Java VM: OpenJDK 64-Bit Server VM (19.0.1+10-21, mixed mode, sharing, tiered, compressed oops, compressed class ptrs, g1 gc, windows-amd64)
GC Precious Log:
 CardTable entry size: 512
 Card Set container configuration: InlinePtr #cards 5 size 8 Array Of Cards #cards 12 size 40 Howl #buckets 4 coarsen threshold 1843 Howl Bitmap #cards 512 size 80 coarsen threshold 460 Card regions per heap region 1 cards per card region 2048
 CPUs: 8 total, 8 available
 Memory: 7997M
 Large Page Support: Disabled
 NUMA Support: Disabled
 Compressed Oops: Enabled (32-bit)
 Heap Region Size: 1M
 Heap Min Capacity: 8M
 Heap Initial Capacity: 126M
 Heap Max Capacity: 2000M
 Pre-touch: Disabled
 Parallel Workers: 8
 Concurrent Workers: 2
 Concurrent Refinement Workers: 8
 Periodic GC: Disabled
Heap:
 garbage-first heap   total 45056K, used 23706K [0x0000000083000000, 0x0000000100000000)
  region size 1024K, 6 young (6144K), 1 survivors (1024K)
 Metaspace       used 41773K, committed 42432K, reserved 1114112K
  class space    used 4885K, committed 5184K, reserved 1048576K
GC Heap History (20 events):
Event: 2452.832 GC heap before
{Heap before GC invocations=155 (full 0):
 garbage-first heap   total 45056K, used 37893K [0x0000000083000000, 0x0000000100000000)
  region size 1024K, 19 young (19456K), 1 survivors (1024K)
 Metaspace       used 41755K, committed 42368K, reserved 1114112K
  class space    used 4885K, committed 5184K, reserved 1048576K
}
Event: 2452.832 GC heap after
{Heap after GC invocations=156 (full 0):
 garbage-first heap   total 45056K, used 19457K [0x0000000083000000, 0x0000000100000000)
  region size 1024K, 1 young (1024K), 1 survivors (1024K)
 Metaspace       used 41755K, committed 42368K, reserved 1114112K
  class space    used 4885K, committed 5184K, reserved 1048576K
}
Event: 2454.140 GC heap before
{Heap before GC invocations=156 (full 0):
 garbage-first heap   total 45056K, used 37889K [0x0000000083000000, 0x0000000100000000)
  region size 1024K, 19 young (19456K), 1 survivors (1024K)
 Metaspace       used 41755K, committed 42368K, reserved 1114112K
  class space    used 4885K, committed 5184K, reserved 1048576K
}
Event: 2454.141 GC heap after
{Heap after GC invocations=157 (full 0):
 garbage-first heap   total 45056K, used 19466K [0x0000000083000000, 0x0000000100000000)
  region size 1024K, 1 young (1024K), 1 survivors (1024K)
 Metaspace       used 41755K, committed 42368K, reserved 1114112K
  class space    used 4885K, committed 5184K, reserved 1048576K
}
Event: 2455.649 GC heap before
{Heap before GC invocations=157 (full 0):
 garbage-first heap   total 45056K, used 37898K [0x0000000083000000, 0x0000000100000000)
  region size 1024K, 19 young (19456K), 1 survivors (1024K)
 Metaspace       used 41755K, committed 42368K, reserved 1114112K
  class space    used 4885K, committed 5184K, reserved 1048576K
}
Event: 2455.650 GC heap after
{Heap after GC invocations=158 (full 0):
 garbage-first heap   total 45056K, used 19472K [0x0000000083000000, 0x0000000100000000)
  region size 1024K, 1 young (1024K), 1 survivors (1024K)
 Metaspace       used 41755K, committed 42368K, reserved 1114112K
  class space    used 4885K, committed 5184K, reserved 1048576K
}
Event: 2457.534 GC heap before
{Heap before GC invocations=158 (full 0):
 garbage-first heap   total 45056K, used 37904K [0x0000000083000000, 0x0000000100000000)
  region size 1024K, 19 young (19456K), 1 survivors (1024K)
 Metaspace       used 41755K, committed 42368K, reserved 1114112K
  class space    used 4885K, committed 5184K, reserved 1048576K
}
Event: 2457.536 GC heap after
{Heap after GC invocations=159 (full 0):
 garbage-first heap   total 45056K, used 19466K [0x0000000083000000, 0x0000000100000000)
  region size 1024K, 1 young (1024K), 1 survivors (1024K)
 Metaspace       used 41755K, committed 42368K, reserved 1114112K
  class space    used 4885K, committed 5184K, reserved 1048576K
}
Event: 2461.485 GC heap before
{Heap before GC invocations=159 (full 0):
 garbage-first heap   total 45056K, used 37898K [0x0000000083000000, 0x0000000100000000)
  region size 1024K, 19 young (19456K), 1 survivors (1024K)
 Metaspace       used 41755K, committed 42368K, reserved 1114112K
  class space    used 4885K, committed 5184K, reserved 1048576K
}
Event: 2461.486 GC heap after
{Heap after GC invocations=160 (full 0):
 garbage-first heap   total 45056K, used 19464K [0x0000000083000000, 0x0000000100000000)
  region size 1024K, 1 young (1024K), 1 survivors (1024K)
 Metaspace       used 41755K, committed 42368K, reserved 1114112K
  class space    used 4885K, committed 5184K, reserved 1048576K
}
Event: 2463.664 GC heap before
{Heap before GC invocations=160 (full 0):
 garbage-first heap   total 45056K, used 37896K [0x0000000083000000, 0x0000000100000000)
  region size 1024K, 19 young (19456K), 1 survivors (1024K)
 Metaspace       used 41765K, committed 42368K, reserved 1114112K
  class space    used 4885K, committed 5184K, reserved 1048576K
}
Event: 2463.665 GC heap after
{Heap after GC invocations=161 (full 0):
 garbage-first heap   total 45056K, used 19468K [0x0000000083000000, 0x0000000100000000)
  region size 1024K, 1 young (1024K), 1 survivors (1024K)
 Metaspace       used 41765K, committed 42368K, reserved 1114112K
  class space    used 4885K, committed 5184K, reserved 1048576K
}
Event: 2465.397 GC heap before
{Heap before GC invocations=161 (full 0):
 garbage-first heap   total 45056K, used 37900K [0x0000000083000000, 0x0000000100000000)
  region size 1024K, 19 young (19456K), 1 survivors (1024K)
 Metaspace       used 41772K, committed 42432K, reserved 1114112K
  class space    used 4885K, committed 5184K, reserved 1048576K
}
Event: 2465.399 GC heap after
{Heap after GC invocations=162 (full 0):
 garbage-first heap   total 45056K, used 19598K [0x0000000083000000, 0x0000000100000000)
  region size 1024K, 1 young (1024K), 1 survivors (1024K)
 Metaspace       used 41772K, committed 42432K, reserved 1114112K
  class space    used 4885K, committed 5184K, reserved 1048576K
}
Event: 2466.237 GC heap before
{Heap before GC invocations=162 (full 0):
 garbage-first heap   total 45056K, used 38030K [0x0000000083000000, 0x0000000100000000)
  region size 1024K, 19 young (19456K), 1 survivors (1024K)
 Metaspace       used 41772K, committed 42432K, reserved 1114112K
  class space    used 4885K, committed 5184K, reserved 1048576K
}
Event: 2466.239 GC heap after
{Heap after GC invocations=163 (full 0):
 garbage-first heap   total 45056K, used 19622K [0x0000000083000000, 0x0000000100000000)
  region size 1024K, 1 young (1024K), 1 survivors (1024K)
 Metaspace       used 41772K, committed 42432K, reserved 1114112K
  class space    used 4885K, committed 5184K, reserved 1048576K
}
Event: 2466.894 GC heap before
{Heap before GC invocations=163 (full 0):
 garbage-first heap   total 45056K, used 38054K [0x0000000083000000, 0x0000000100000000)
  region size 1024K, 19 young (19456K), 1 survivors (1024K)
 Metaspace       used 41772K, committed 42432K, reserved 1114112K
  class space    used 4885K, committed 5184K, reserved 1048576K
}
Event: 2466.895 GC heap after
{Heap after GC invocations=164 (full 0):
 garbage-first heap   total 45056K, used 19624K [0x0000000083000000, 0x0000000100000000)
  region size 1024K, 1 young (1024K), 1 survivors (1024K)
 Metaspace       used 41772K, committed 42432K, reserved 1114112K
  class space    used 4885K, committed 5184K, reserved 1048576K
}
Event: 2467.388 GC heap before
{Heap before GC invocations=164 (full 0):
 garbage-first heap   total 45056K, used 38056K [0x0000000083000000, 0x0000000100000000)
  region size 1024K, 19 young (19456K), 1 survivors (1024K)
 Metaspace       used 41773K, committed 42432K, reserved 1114112K
  class space    used 4885K, committed 5184K, reserved 1048576K
}
Event: 2467.392 GC heap after
{Heap after GC invocations=165 (full 0):
 garbage-first heap   total 45056K, used 19610K [0x0000000083000000, 0x0000000100000000)
  region size 1024K, 1 young (1024K), 1 survivors (1024K)
 Metaspace       used 41773K, committed 42432K, reserved 1114112K
  class space    used 4885K, committed 5184K, reserved 1048576K
}

