# JRE version: OpenJDK Runtime Environment (19.0.1+10) (build 19.0.1+10-21)
# Java VM: OpenJDK 64-Bit Server VM (19.0.1+10-21, mixed mode, sharing, tiered, compressed oops, compressed class ptrs, g1 gc, windows-amd64)
GC Precious Log:
 CardTable entry size: 512
 Card Set container configuration: InlinePtr #cards 5 size 8 Array Of Cards #cards 12 size 40 Howl #buckets 4 coarsen threshold 1843 Howl Bitmap #cards 512 size 80 coarsen threshold 460 Card regions per heap region 1 cards per card region 2048
 CPUs: 8 total, 8 available
 Memory: 7997M
 Large Page Support: Disabled
 NUMA Support: Disabled
 Compressed Oops: Enabled (32-bit)
 Heap Region Size: 1M
 Heap Min Capacity: 8M
 Heap Initial Capacity: 126M
 Heap Max Capacity: 2000M
 Pre-touch: Disabled
 Parallel Workers: 8
 Concurrent Workers: 2
 Concurrent Refinement Workers: 8
 Periodic GC: Disabled
Heap:
 garbage-first heap   total 59392K, used 31236K [0x0000000083000000, 0x0000000100000000)
  region size 1024K, 14 young (14336K), 1 survivors (1024K)
 Metaspace       used 41305K, committed 41856K, reserved 1114112K
  class space    used 4852K, committed 5120K, reserved 1048576K
GC Heap History (20 events):
Event: 86.298 GC heap before
{Heap before GC invocations=29 (full 0):
 garbage-first heap   total 59392K, used 51516K [0x0000000083000000, 0x0000000100000000)
  region size 1024K, 33 young (33792K), 1 survivors (1024K)
 Metaspace       used 41281K, committed 41856K, reserved 1114112K
  class space    used 4850K, committed 5120K, reserved 1048576K
}
Event: 86.300 GC heap after
{Heap after GC invocations=30 (full 0):
 garbage-first heap   total 59392K, used 18781K [0x0000000083000000, 0x0000000100000000)
  region size 1024K, 1 young (1024K), 1 survivors (1024K)
 Metaspace       used 41281K, committed 41856K, reserved 1114112K
  class space    used 4850K, committed 5120K, reserved 1048576K
}
Event: 88.318 GC heap before
{Heap before GC invocations=30 (full 0):
 garbage-first heap   total 59392K, used 50525K [0x0000000083000000, 0x0000000100000000)
  region size 1024K, 32 young (32768K), 1 survivors (1024K)
 Metaspace       used 41281K, committed 41856K, reserved 1114112K
  class space    used 4850K, committed 5120K, reserved 1048576K
}
Event: 88.319 GC heap after
{Heap after GC invocations=31 (full 0):
 garbage-first heap   total 59392K, used 18805K [0x0000000083000000, 0x0000000100000000)
  region size 1024K, 1 young (1024K), 1 survivors (1024K)
 Metaspace       used 41281K, committed 41856K, reserved 1114112K
  class space    used 4850K, committed 5120K, reserved 1048576K
}
Event: 90.587 GC heap before
{Heap before GC invocations=31 (full 0):
 garbage-first heap   total 59392K, used 50549K [0x0000000083000000, 0x0000000100000000)
  region size 1024K, 32 young (32768K), 1 survivors (1024K)
 Metaspace       used 41286K, committed 41856K, reserved 1114112K
  class space    used 4850K, committed 5120K, reserved 1048576K
}
Event: 90.589 GC heap after
{Heap after GC invocations=32 (full 0):
 garbage-first heap   total 59392K, used 18808K [0x0000000083000000, 0x0000000100000000)
  region size 1024K, 1 young (1024K), 1 survivors (1024K)
 Metaspace       used 41286K, committed 41856K, reserved 1114112K
  class space    used 4850K, committed 5120K, reserved 1048576K
}
Event: 92.441 GC heap before
{Heap before GC invocations=32 (full 0):
 garbage-first heap   total 59392K, used 50552K [0x0000000083000000, 0x0000000100000000)
  region size 1024K, 32 young (32768K), 1 survivors (1024K)
 Metaspace       used 41295K, committed 41856K, reserved 1114112K
  class space    used 4851K, committed 5120K, reserved 1048576K
}
Event: 92.442 GC heap after
{Heap after GC invocations=33 (full 0):
 garbage-first heap   total 59392K, used 18844K [0x0000000083000000, 0x0000000100000000)
  region size 1024K, 1 young (1024K), 1 survivors (1024K)
 Metaspace       used 41295K, committed 41856K, reserved 1114112K
  class space    used 4851K, committed 5120K, reserved 1048576K
}
Event: 94.271 GC heap before
{Heap before GC invocations=33 (full 0):
 garbage-first heap   total 59392K, used 50588K [0x0000000083000000, 0x0000000100000000)
  region size 1024K, 32 young (32768K), 1 survivors (1024K)
 Metaspace       used 41296K, committed 41856K, reserved 1114112K
  class space    used 4851K, committed 5120K, reserved 1048576K
}
Event: 94.273 GC heap after
{Heap after GC invocations=34 (full 0):
 garbage-first heap   total 59392K, used 18854K [0x0000000083000000, 0x0000000100000000)
  region size 1024K, 1 young (1024K), 1 survivors (1024K)
 Metaspace       used 41296K, committed 41856K, reserved 1114112K
  class space    used 4851K, committed 5120K, reserved 1048576K
}
Event: 96.236 GC heap before
{Heap before GC invocations=34 (full 0):
 garbage-first heap   total 59392K, used 50598K [0x0000000083000000, 0x0000000100000000)
  region size 1024K, 32 young (32768K), 1 survivors (1024K)
 Metaspace       used 41301K, committed 41856K, reserved 1114112K
  class space    used 4851K, committed 5120K, reserved 1048576K
}
Event: 96.238 GC heap after
{Heap after GC invocations=35 (full 0):
 garbage-first heap   total 59392K, used 18883K [0x0000000083000000, 0x0000000100000000)
  region size 1024K, 1 young (1024K), 1 survivors (1024K)
 Metaspace       used 41301K, committed 41856K, reserved 1114112K
  class space    used 4851K, committed 5120K, reserved 1048576K
}
Event: 98.494 GC heap before
{Heap before GC invocations=35 (full 0):
 garbage-first heap   total 59392K, used 50627K [0x0000000083000000, 0x0000000100000000)
  region size 1024K, 32 young (32768K), 1 survivors (1024K)
 Metaspace       used 41301K, committed 41856K, reserved 1114112K
  class space    used 4851K, committed 5120K, reserved 1048576K
}
Event: 98.496 GC heap after
{Heap after GC invocations=36 (full 0):
 garbage-first heap   total 59392K, used 18896K [0x0000000083000000, 0x0000000100000000)
  region size 1024K, 1 young (1024K), 1 survivors (1024K)
 Metaspace       used 41301K, committed 41856K, reserved 1114112K
  class space    used 4851K, committed 5120K, reserved 1048576K
}
Event: 100.639 GC heap before
{Heap before GC invocations=36 (full 0):
 garbage-first heap   total 59392K, used 50640K [0x0000000083000000, 0x0000000100000000)
  region size 1024K, 32 young (32768K), 1 survivors (1024K)
 Metaspace       used 41302K, committed 41856K, reserved 1114112K
  class space    used 4851K, committed 5120K, reserved 1048576K
}
Event: 100.641 GC heap after
{Heap after GC invocations=37 (full 0):
 garbage-first heap   total 59392K, used 18910K [0x0000000083000000, 0x0000000100000000)
  region size 1024K, 1 young (1024K), 1 survivors (1024K)
 Metaspace       used 41302K, committed 41856K, reserved 1114112K
  class space    used 4851K, committed 5120K, reserved 1048576K
}
Event: 102.994 GC heap before
{Heap before GC invocations=37 (full 0):
 garbage-first heap   total 59392K, used 49630K [0x0000000083000000, 0x0000000100000000)
  region size 1024K, 32 young (32768K), 1 survivors (1024K)
 Metaspace       used 41302K, committed 41856K, reserved 1114112K
  class space    used 4851K, committed 5120K, reserved 1048576K
}
Event: 102.996 GC heap after
{Heap after GC invocations=38 (full 0):
 garbage-first heap   total 59392K, used 18929K [0x0000000083000000, 0x0000000100000000)
  region size 1024K, 1 young (1024K), 1 survivors (1024K)
 Metaspace       used 41302K, committed 41856K, reserved 1114112K
  class space    used 4851K, committed 5120K, reserved 1048576K
}
Event: 105.175 GC heap before
{Heap before GC invocations=38 (full 0):
 garbage-first heap   total 59392K, used 50673K [0x0000000083000000, 0x0000000100000000)
  region size 1024K, 32 young (32768K), 1 survivors (1024K)
 Metaspace       used 41302K, committed 41856K, reserved 1114112K
  class space    used 4851K, committed 5120K, reserved 1048576K
}
Event: 105.177 GC heap after
{Heap after GC invocations=39 (full 0):
 garbage-first heap   total 59392K, used 18948K [0x0000000083000000, 0x0000000100000000)
  region size 1024K, 1 young (1024K), 1 survivors (1024K)
 Metaspace       used 41302K, committed 41856K, reserved 1114112K
  class space    used 4851K, committed 5120K, reserved 1048576K
}

